This is pdfTeX, Version 3.141592653-2.6-1.40.24 (TeX Live 2022/Arch Linux) (preloaded format=pdflatex 2022.10.23)  27 OCT 2022 18:19
entering extended mode
 restricted \write18 enabled.
 file:line:error style messages enabled.
 %&-line parsing enabled.
**/home/eapiova/projects/software-verification/latex-tables/extended_sign_tables.tex
(/home/eapiova/projects/software-verification/latex-tables/extended_sign_tables.tex
LaTeX2e <2021-11-15> patch level 1
L3 programming layer <2022-04-10> (/usr/share/texmf-dist/tex/latex/base/article.cls
Document Class: article 2021/10/04 v1.4n Standard LaTeX document class
(/usr/share/texmf-dist/tex/latex/base/size10.clo
File: size10.clo 2021/10/04 v1.4n Standard LaTeX file (size option)
)
\c@part=\count185
\c@section=\count186
\c@subsection=\count187
\c@subsubsection=\count188
\c@paragraph=\count189
\c@subparagraph=\count190
\c@figure=\count191
\c@table=\count192
\abovecaptionskip=\skip47
\belowcaptionskip=\skip48
\bibindent=\dimen138
) (/usr/share/texmf-dist/tex/latex/l3backend/l3backend-pdftex.def
File: l3backend-pdftex.def 2022-04-14 L3 backend support: PDF output (pdfTeX)
\l__color_backend_stack_int=\count193
\l__pdf_internal_box=\box50
) (./extended_sign_tables.aux)
\openout1 = `extended_sign_tables.aux'.

LaTeX Font Info:    Checking defaults for OML/cmm/m/it on input line 4.
LaTeX Font Info:    ... okay on input line 4.
LaTeX Font Info:    Checking defaults for OMS/cmsy/m/n on input line 4.
LaTeX Font Info:    ... okay on input line 4.
LaTeX Font Info:    Checking defaults for OT1/cmr/m/n on input line 4.
LaTeX Font Info:    ... okay on input line 4.
LaTeX Font Info:    Checking defaults for T1/cmr/m/n on input line 4.
LaTeX Font Info:    ... okay on input line 4.
LaTeX Font Info:    Checking defaults for TS1/cmr/m/n on input line 4.
LaTeX Font Info:    ... okay on input line 4.
LaTeX Font Info:    Checking defaults for OMX/cmex/m/n on input line 4.
LaTeX Font Info:    ... okay on input line 4.
LaTeX Font Info:    Checking defaults for U/cmr/m/n on input line 4.
LaTeX Font Info:    ... okay on input line 4.


LaTeX Warning: No positions in optional float specifier.
               Default added (so using `tbp') on input line 7.

LaTeX Font Info:    External font `cmex10' loaded for size
(Font)              <7> on input line 8.
LaTeX Font Info:    External font `cmex10' loaded for size
(Font)              <5> on input line 8.

LaTeX Warning: No positions in optional float specifier.
               Default added (so using `tbp') on input line 22.


LaTeX Warning: No positions in optional float specifier.
               Default added (so using `tbp') on input line 37.


LaTeX Warning: No positions in optional float specifier.
               Default added (so using `tbp') on input line 53.


LaTeX Warning: No positions in optional float specifier.
               Default added (so using `tbp') on input line 69.


Overfull \hbox (46.59355pt too wide) in paragraph at lines 102--114
[][] 
 []


Overfull \hbox (10.78801pt too wide) in paragraph at lines 132--144
[][] 
 []


Overfull \hbox (10.78801pt too wide) in paragraph at lines 164--176
[][] 
 []


Overfull \hbox (10.78801pt too wide) in paragraph at lines 196--208
[][] 
 []


LaTeX Warning: No positions in optional float specifier.
               Default added (so using `tbp') on input line 210.


LaTeX Warning: No positions in optional float specifier.
               Default added (so using `tbp') on input line 226.


Overfull \hbox (46.59355pt too wide) in paragraph at lines 227--239
[][] 
 []


Overfull \hbox (46.59355pt too wide) in paragraph at lines 259--271
[][] 
 []

[1{/var/lib/texmf/fonts/map/pdftex/updmap/pdftex.map}] [2] [3] [4] [5] (./extended_sign_tables.aux) ) 
Here is how much of TeX's memory you used:
 425 strings out of 478238
 8425 string characters out of 5850455
 430598 words of memory out of 5000000
 18745 multiletter control sequences out of 15000+600000
 469259 words of font info for 28 fonts, out of 8000000 for 9000
 1141 hyphenation exceptions out of 8191
 34i,9n,38p,271b,191s stack positions out of 5000i,500n,10000p,200000b,80000s
</usr/share/texmf-dist/fonts/type1/public/amsfonts/cm/cmmi10.pfb></usr/share/texmf-dist/fonts/type1/public/amsfonts/cm/cmr10.pfb></usr/share/texmf-dist/fonts/type1/public/amsfonts/cm/cmr7.pfb></usr/share/texmf-dist/fonts/type1/public/amsfonts/cm/cmsy10.pfb>
Output written on extended_sign_tables.pdf (5 pages, 54221 bytes).
PDF statistics:
 40 PDF objects out of 1000 (max. 8388607)
 24 compressed objects within 1 object stream
 0 named destinations out of 1000 (max. 500000)
 1 words of extra memory for PDF output out of 10000 (max. 10000000)

